19-02-09 Sat 10:18:57.132 INFO  8952 --- [    main] ElectusEduCareApplicationTests           : Starting ElectusEduCareApplicationTests on DESKTOP-I16VPTS with PID 8952 (started by home in F:\Statble-Projects\Charitha-Project\ElectusEduCare)
19-02-09 Sat 10:18:57.135 INFO  8952 --- [    main] ElectusEduCareApplicationTests           : No active profile set, falling back to default profiles: default
19-02-09 Sat 10:19:03.970 INFO  8952 --- [    main] DriverManagerDataSource                  : Loaded JDBC driver: com.mysql.jdbc.Driver
19-02-09 Sat 10:19:03.984 INFO  8952 --- [    main] DriverManagerDataSource                  : Loaded JDBC driver: com.mysql.jdbc.Driver
19-02-09 Sat 10:19:03.988 INFO  8952 --- [    main] DriverManagerDataSource                  : Loaded JDBC driver: com.mysql.jdbc.Driver
19-02-09 Sat 10:19:03.996 INFO  8952 --- [    main] DriverManagerDataSource                  : Loaded JDBC driver: com.mysql.jdbc.Driver
19-02-09 Sat 10:19:04.001 INFO  8952 --- [    main] DriverManagerDataSource                  : Loaded JDBC driver: com.mysql.jdbc.Driver
19-02-09 Sat 10:19:04.004 INFO  8952 --- [    main] DriverManagerDataSource                  : Loaded JDBC driver: com.mysql.jdbc.Driver
19-02-09 Sat 10:19:04.009 INFO  8952 --- [    main] DriverManagerDataSource                  : Loaded JDBC driver: com.mysql.jdbc.Driver
19-02-09 Sat 10:19:04.012 INFO  8952 --- [    main] DriverManagerDataSource                  : Loaded JDBC driver: com.mysql.jdbc.Driver
19-02-09 Sat 10:19:04.099 INFO  8952 --- [    main] CglibAopProxy                            : Final method [protected final java.sql.Connection org.springframework.jdbc.core.support.JdbcDaoSupport.getConnection() throws org.springframework.jdbc.CannotGetJdbcConnectionException] cannot get proxied via CGLIB: Calls to this method will NOT be routed to the target instance and might lead to NPEs against uninitialized fields in the proxy instance.
19-02-09 Sat 10:19:04.101 INFO  8952 --- [    main] CglibAopProxy                            : Final method [public final void org.springframework.jdbc.core.support.JdbcDaoSupport.setDataSource(javax.sql.DataSource)] cannot get proxied via CGLIB: Calls to this method will NOT be routed to the target instance and might lead to NPEs against uninitialized fields in the proxy instance.
19-02-09 Sat 10:19:04.102 INFO  8952 --- [    main] CglibAopProxy                            : Final method [public final javax.sql.DataSource org.springframework.jdbc.core.support.JdbcDaoSupport.getDataSource()] cannot get proxied via CGLIB: Calls to this method will NOT be routed to the target instance and might lead to NPEs against uninitialized fields in the proxy instance.
19-02-09 Sat 10:19:04.104 INFO  8952 --- [    main] CglibAopProxy                            : Final method [protected final void org.springframework.jdbc.core.support.JdbcDaoSupport.releaseConnection(java.sql.Connection)] cannot get proxied via CGLIB: Calls to this method will NOT be routed to the target instance and might lead to NPEs against uninitialized fields in the proxy instance.
19-02-09 Sat 10:19:04.105 INFO  8952 --- [    main] CglibAopProxy                            : Final method [protected final org.springframework.jdbc.support.SQLExceptionTranslator org.springframework.jdbc.core.support.JdbcDaoSupport.getExceptionTranslator()] cannot get proxied via CGLIB: Calls to this method will NOT be routed to the target instance and might lead to NPEs against uninitialized fields in the proxy instance.
19-02-09 Sat 10:19:04.109 INFO  8952 --- [    main] CglibAopProxy                            : Final method [public final org.springframework.jdbc.core.JdbcTemplate org.springframework.jdbc.core.support.JdbcDaoSupport.getJdbcTemplate()] cannot get proxied via CGLIB: Calls to this method will NOT be routed to the target instance and might lead to NPEs against uninitialized fields in the proxy instance.
19-02-09 Sat 10:19:04.111 INFO  8952 --- [    main] CglibAopProxy                            : Final method [public final void org.springframework.jdbc.core.support.JdbcDaoSupport.setJdbcTemplate(org.springframework.jdbc.core.JdbcTemplate)] cannot get proxied via CGLIB: Calls to this method will NOT be routed to the target instance and might lead to NPEs against uninitialized fields in the proxy instance.
19-02-09 Sat 10:19:04.113 WARN  8952 --- [    main] CglibAopProxy                            : Unable to proxy interface-implementing method [public final void org.springframework.dao.support.DaoSupport.afterPropertiesSet() throws java.lang.IllegalArgumentException,org.springframework.beans.factory.BeanInitializationException] because it is marked as final: Consider using interface-based JDK proxies instead!
19-02-09 Sat 10:19:04.114 INFO  8952 --- [    main] CglibAopProxy                            : Final method [public final void org.springframework.dao.support.DaoSupport.afterPropertiesSet() throws java.lang.IllegalArgumentException,org.springframework.beans.factory.BeanInitializationException] cannot get proxied via CGLIB: Calls to this method will NOT be routed to the target instance and might lead to NPEs against uninitialized fields in the proxy instance.
19-02-09 Sat 10:19:04.472 INFO  8952 --- [    main] CglibAopProxy                            : Final method [protected final java.sql.Connection org.springframework.jdbc.core.support.JdbcDaoSupport.getConnection() throws org.springframework.jdbc.CannotGetJdbcConnectionException] cannot get proxied via CGLIB: Calls to this method will NOT be routed to the target instance and might lead to NPEs against uninitialized fields in the proxy instance.
19-02-09 Sat 10:19:04.473 INFO  8952 --- [    main] CglibAopProxy                            : Final method [public final void org.springframework.jdbc.core.support.JdbcDaoSupport.setDataSource(javax.sql.DataSource)] cannot get proxied via CGLIB: Calls to this method will NOT be routed to the target instance and might lead to NPEs against uninitialized fields in the proxy instance.
19-02-09 Sat 10:19:04.473 INFO  8952 --- [    main] CglibAopProxy                            : Final method [public final javax.sql.DataSource org.springframework.jdbc.core.support.JdbcDaoSupport.getDataSource()] cannot get proxied via CGLIB: Calls to this method will NOT be routed to the target instance and might lead to NPEs against uninitialized fields in the proxy instance.
19-02-09 Sat 10:19:04.475 INFO  8952 --- [    main] CglibAopProxy                            : Final method [protected final void org.springframework.jdbc.core.support.JdbcDaoSupport.releaseConnection(java.sql.Connection)] cannot get proxied via CGLIB: Calls to this method will NOT be routed to the target instance and might lead to NPEs against uninitialized fields in the proxy instance.
19-02-09 Sat 10:19:04.478 INFO  8952 --- [    main] CglibAopProxy                            : Final method [protected final org.springframework.jdbc.support.SQLExceptionTranslator org.springframework.jdbc.core.support.JdbcDaoSupport.getExceptionTranslator()] cannot get proxied via CGLIB: Calls to this method will NOT be routed to the target instance and might lead to NPEs against uninitialized fields in the proxy instance.
19-02-09 Sat 10:19:04.481 INFO  8952 --- [    main] CglibAopProxy                            : Final method [public final org.springframework.jdbc.core.JdbcTemplate org.springframework.jdbc.core.support.JdbcDaoSupport.getJdbcTemplate()] cannot get proxied via CGLIB: Calls to this method will NOT be routed to the target instance and might lead to NPEs against uninitialized fields in the proxy instance.
19-02-09 Sat 10:19:04.482 INFO  8952 --- [    main] CglibAopProxy                            : Final method [public final void org.springframework.jdbc.core.support.JdbcDaoSupport.setJdbcTemplate(org.springframework.jdbc.core.JdbcTemplate)] cannot get proxied via CGLIB: Calls to this method will NOT be routed to the target instance and might lead to NPEs against uninitialized fields in the proxy instance.
19-02-09 Sat 10:19:04.482 WARN  8952 --- [    main] CglibAopProxy                            : Unable to proxy interface-implementing method [public final void org.springframework.dao.support.DaoSupport.afterPropertiesSet() throws java.lang.IllegalArgumentException,org.springframework.beans.factory.BeanInitializationException] because it is marked as final: Consider using interface-based JDK proxies instead!
19-02-09 Sat 10:19:04.483 INFO  8952 --- [    main] CglibAopProxy                            : Final method [public final void org.springframework.dao.support.DaoSupport.afterPropertiesSet() throws java.lang.IllegalArgumentException,org.springframework.beans.factory.BeanInitializationException] cannot get proxied via CGLIB: Calls to this method will NOT be routed to the target instance and might lead to NPEs against uninitialized fields in the proxy instance.
19-02-09 Sat 10:19:04.741 WARN  8952 --- [    main] AutowiredAnnotationBeanPostProcessor     : Autowired annotation is not supported on static fields: private static final org.slf4j.Logger com.educare.admin.controller.AdminEditSubjectSubtopicController.logger
19-02-09 Sat 10:19:04.745 WARN  8952 --- [    main] AutowiredAnnotationBeanPostProcessor     : Autowired annotation is not supported on static fields: private static final org.slf4j.Logger com.educare.admin.controller.AdminEditSubjectTopicController.logger
19-02-09 Sat 10:19:04.761 WARN  8952 --- [    main] AutowiredAnnotationBeanPostProcessor     : Autowired annotation is not supported on static fields: private static final org.slf4j.Logger com.educare.admin.controller.AdminFilterCriteriaForCreateExamController.logger
19-02-09 Sat 10:19:04.780 WARN  8952 --- [    main] AutowiredAnnotationBeanPostProcessor     : Autowired annotation is not supported on static fields: private static final org.slf4j.Logger com.educare.admin.controller.AdminLoadReportsController.logger
19-02-09 Sat 10:19:04.789 WARN  8952 --- [    main] AutowiredAnnotationBeanPostProcessor     : Autowired annotation is not supported on static fields: private static final org.slf4j.Logger com.educare.admin.controller.AdminOfflineExamreportsController.logger
19-02-09 Sat 10:19:04.799 WARN  8952 --- [    main] AutowiredAnnotationBeanPostProcessor     : Autowired annotation is not supported on static fields: private static final org.slf4j.Logger com.educare.admin.controller.AdminPrePrvTestComparativeReportController.logger
19-02-09 Sat 10:19:04.807 WARN  8952 --- [    main] AutowiredAnnotationBeanPostProcessor     : Autowired annotation is not supported on static fields: private static final org.slf4j.Logger com.educare.admin.controller.AdminSecwiseAttendeesWithAvgController.logger
19-02-09 Sat 10:19:04.813 WARN  8952 --- [    main] AutowiredAnnotationBeanPostProcessor     : Autowired annotation is not supported on static fields: private static final org.slf4j.Logger com.educare.admin.controller.AdminStateWiseErrorReportController.logger
19-02-09 Sat 10:19:04.829 WARN  8952 --- [    main] AutowiredAnnotationBeanPostProcessor     : Autowired annotation is not supported on static fields: private static final org.slf4j.Logger com.educare.admin.controller.AdminStudentwiseQuestionwiseErrorAnalysisController.logger
19-02-09 Sat 10:19:04.833 WARN  8952 --- [    main] AutowiredAnnotationBeanPostProcessor     : Autowired annotation is not supported on static fields: private static final org.slf4j.Logger com.educare.admin.controller.AdminSubjectwiseMarksrangesController.logger
19-02-09 Sat 10:19:04.837 WARN  8952 --- [    main] AutowiredAnnotationBeanPostProcessor     : Autowired annotation is not supported on static fields: private static final org.slf4j.Logger com.educare.admin.controller.AdminSubjectwiseWRUcountController.logger
19-02-09 Sat 10:19:04.856 WARN  8952 --- [    main] AutowiredAnnotationBeanPostProcessor     : Autowired annotation is not supported on static fields: private static final org.slf4j.Logger com.educare.admin.controller.AdminTopicSubTopicsNameMoidifyController.logger
19-02-09 Sat 10:19:04.925 WARN  8952 --- [    main] AutowiredAnnotationBeanPostProcessor     : Autowired annotation is not supported on static fields: private static final org.slf4j.Logger com.educare.admin.controller.AdminViewOfflineReportsController.logger
19-02-09 Sat 10:19:04.929 WARN  8952 --- [    main] AutowiredAnnotationBeanPostProcessor     : Autowired annotation is not supported on static fields: private static final org.slf4j.Logger com.educare.admin.controller.CampusWiseErrorReportController.logger
19-02-09 Sat 10:19:04.949 WARN  8952 --- [    main] AutowiredAnnotationBeanPostProcessor     : Autowired annotation is not supported on static fields: private static final org.slf4j.Logger com.educare.admin.controller.SubjectWiseHighestReportController.logger
19-02-09 Sat 10:19:04.971 WARN  8952 --- [    main] AutowiredAnnotationBeanPostProcessor     : Autowired annotation is not supported on static fields: private static final org.slf4j.Logger com.educare.admin.offline.reports.controller.AdminOfflineStateWiseErrorReportController.logger
19-02-09 Sat 10:19:04.984 WARN  8952 --- [    main] AutowiredAnnotationBeanPostProcessor     : Autowired annotation is not supported on static fields: private static final org.slf4j.Logger com.educare.admin.offline.reports.controller.AdminOfflineStudentwiseQuestionwiseErrorAnalysisController.logger
19-02-09 Sat 10:19:04.990 WARN  8952 --- [    main] AutowiredAnnotationBeanPostProcessor     : Autowired annotation is not supported on static fields: private static final org.slf4j.Logger com.educare.admin.offline.reports.controller.AdminOfflineSubjectwiseWRUcountController.logger
19-02-09 Sat 10:19:04.994 WARN  8952 --- [    main] AutowiredAnnotationBeanPostProcessor     : Autowired annotation is not supported on static fields: private static final org.slf4j.Logger com.educare.admin.offline.reports.controller.AdminPrePrvTestComparativeReportOfflineController.logger
19-02-09 Sat 10:19:04.998 WARN  8952 --- [    main] AutowiredAnnotationBeanPostProcessor     : Autowired annotation is not supported on static fields: private static final org.slf4j.Logger com.educare.admin.offline.reports.controller.AdminSecwiseAttendeesWithAvgOfflineController.logger
19-02-09 Sat 10:19:05.003 WARN  8952 --- [    main] AutowiredAnnotationBeanPostProcessor     : Autowired annotation is not supported on static fields: private static final org.slf4j.Logger com.educare.admin.offline.reports.controller.AdminSubjectwiseMarksrangesOfflineController.logger
19-02-09 Sat 10:19:05.013 WARN  8952 --- [    main] AutowiredAnnotationBeanPostProcessor     : Autowired annotation is not supported on static fields: private static final org.slf4j.Logger com.educare.admin.offline.reports.controller.OfflineCampusWiseErrorReportController.logger
19-02-09 Sat 10:19:05.016 WARN  8952 --- [    main] AutowiredAnnotationBeanPostProcessor     : Autowired annotation is not supported on static fields: private static final org.slf4j.Logger com.educare.admin.offline.reports.controller.SubjectwiseHighestmarksReportofflineController.logger
19-02-09 Sat 10:19:05.043 WARN  8952 --- [    main] AutowiredAnnotationBeanPostProcessor     : Autowired annotation is not supported on static fields: private static final org.slf4j.Logger com.educare.controller.DashboardUserStartExamController.logger
19-02-09 Sat 10:19:05.061 WARN  8952 --- [    main] AutowiredAnnotationBeanPostProcessor     : Autowired annotation is not supported on static fields: private static final org.slf4j.Logger com.educare.controller.DashboardUserStartExamController1.logger
19-02-09 Sat 10:19:05.072 WARN  8952 --- [    main] AutowiredAnnotationBeanPostProcessor     : Autowired annotation is not supported on static fields: private static final org.slf4j.Logger com.educare.controller.ErrorAnalysisController.logger
19-02-09 Sat 10:19:07.967 INFO  8952 --- [    main] ElectusEduCareApplicationTests           : Started ElectusEduCareApplicationTests in 11.665 seconds (JVM running for 13.964)
